Using pre-set license
Built from '2020.2/staging' branch; Version is '2020.2.3f1 (8ff31bc5bf5b) revision 9433883'; Using compiler version '192528614'; Build Type 'Release'
OS: 'Windows 10 Home; OS build 19041.746; Version 2004; 64bit' Language: 'en' Physical Memory: 3946 MB
BatchMode: 1, IsHumanControllingUs: 0, StartBugReporterOnCrash: 0, Is64bit: 1, IsPro: 0

 COMMAND LINE ARGUMENTS:
C:\Program Files\Unity\Hub\Editor\2020.2.3f1\Editor\Unity.exe
-adb2
-batchMode
-noUpm
-name
AssetImportWorker3
-projectPath
C:/Users/User/Desktop/GAM300Prototype/gam300_prototype/GAM300_LEVEL
-logFile
Logs/AssetImportWorker3.log
-srvPort
54163
Successfully changed project path to: C:/Users/User/Desktop/GAM300Prototype/gam300_prototype/GAM300_LEVEL
C:/Users/User/Desktop/GAM300Prototype/gam300_prototype/GAM300_LEVEL
Using Asset Import Pipeline V2.
Refreshing native plugins compatible for Editor in 34.88 ms, found 0 plugins.
Preloading 0 native plugins for Editor in 0.00 ms.
Initialize engine version: 2020.2.3f1 (8ff31bc5bf5b)
[Subsystems] Discovering subsystems at path C:/Program Files/Unity/Hub/Editor/2020.2.3f1/Editor/Data/Resources/UnitySubsystems
[Subsystems] Discovering subsystems at path C:/Users/User/Desktop/GAM300Prototype/gam300_prototype/GAM300_LEVEL/Assets
GfxDevice: creating device client; threaded=0
Direct3D:
    Version:  Direct3D 11.0 [level 11.0]
    Renderer: NVIDIA GeForce MX130 (ID=0x174d)
    Vendor:   
    VRAM:     2010 MB
    Driver:   24.21.13.9872
Initialize mono
Mono path[0] = 'C:/Program Files/Unity/Hub/Editor/2020.2.3f1/Editor/Data/Managed'
Mono path[1] = 'C:/Program Files/Unity/Hub/Editor/2020.2.3f1/Editor/Data/MonoBleedingEdge/lib/mono/unityjit'
Mono config path = 'C:/Program Files/Unity/Hub/Editor/2020.2.3f1/Editor/Data/MonoBleedingEdge/etc'
Using monoOptions --debugger-agent=transport=dt_socket,embedding=1,server=y,suspend=n,address=127.0.0.1:56652
Begin MonoManager ReloadAssembly
Registering precompiled unity dll's ...
Register platform support module: C:/Program Files/Unity/Hub/Editor/2020.2.3f1/Editor/Data/PlaybackEngines/WindowsStandaloneSupport/UnityEditor.WindowsStandalone.Extensions.dll
Registered in 0.002309 seconds.
Native extension for WindowsStandalone target not found
Refreshing native plugins compatible for Editor in 37.50 ms, found 0 plugins.
Preloading 0 native plugins for Editor in 0.00 ms.
Invoked RoslynAnalysisRunner static constructor.
RoslynAnalysisRunner will not be running.
RoslynAnalysisRunner has terminated.
Mono: successfully reloaded assembly
- Completed reload, in  1.247 seconds
Platform modules already initialized, skipping
Registering precompiled user dll's ...
Registered in 0.000958 seconds.
Begin MonoManager ReloadAssembly
Native extension for WindowsStandalone target not found
Refreshing native plugins compatible for Editor in 0.29 ms, found 0 plugins.
Preloading 0 native plugins for Editor in 0.00 ms.
Invoked RoslynAnalysisRunner static constructor.
RoslynAnalysisRunner will not be running.
RoslynAnalysisRunner has terminated.
Mono: successfully reloaded assembly
- Completed reload, in  1.276 seconds
Platform modules already initialized, skipping
========================================================================
Worker process is ready to serve import requests
Launched and connected shader compiler UnityShaderCompiler.exe after 0.81 seconds
Refreshing native plugins compatible for Editor in 0.64 ms, found 0 plugins.
Preloading 0 native plugins for Editor in 0.00 ms.
Unloading 1219 Unused Serialized files (Serialized files now loaded: 0)
System memory in use before: 86.6 MB.
System memory in use after: 86.4 MB.

Unloading 9 unused Assets to reduce memory usage. Loaded Objects now: 1688.
Total: 4.576400 ms (FindLiveObjects: 0.305800 ms CreateObjectMapping: 0.127100 ms MarkObjects: 3.688100 ms  DeleteObjects: 0.453300 ms)

========================================================================
Received Import Request.
  path: Assets/Prefabs/TestCube.prefab
  artifactKey: Guid(62fdf4a8ed29ed248b2cf984d5aa8aa4) Importer(815301076,1909f56bfc062723c751e8b465ee728b)
Start importing Assets/Prefabs/TestCube.prefab using Guid(62fdf4a8ed29ed248b2cf984d5aa8aa4) Importer(815301076,1909f56bfc062723c751e8b465ee728b)  -> (artifact id: 'e7ce3f787edc4b0018c137161908c275') in 0.587943 seconds
  Import took 0.592745 seconds .

========================================================================
Received Import Request.
  Time since last request: 0.000786 seconds.
  path: Assets/Prefabs/TestBar.prefab
  artifactKey: Guid(0b450778210a9dc4da62ddd3e51af0bd) Importer(815301076,1909f56bfc062723c751e8b465ee728b)
Start importing Assets/Prefabs/TestBar.prefab using Guid(0b450778210a9dc4da62ddd3e51af0bd) Importer(815301076,1909f56bfc062723c751e8b465ee728b)  -> (artifact id: '4edf5232850f2309973eecd573147e7b') in 0.098684 seconds
  Import took 0.102671 seconds .

========================================================================
Received Import Request.
  Time since last request: 0.000669 seconds.
  path: Assets/Prefabs/Bars.prefab
  artifactKey: Guid(cc8e9374e4109c24792ce2d5ddf8c41a) Importer(815301076,1909f56bfc062723c751e8b465ee728b)
Start importing Assets/Prefabs/Bars.prefab using Guid(cc8e9374e4109c24792ce2d5ddf8c41a) Importer(815301076,1909f56bfc062723c751e8b465ee728b)  -> (artifact id: 'e9a165f0e0d2a2bf27d9faba6557e586') in 0.328122 seconds
  Import took 0.332209 seconds .

========================================================================
Received Import Request.
  Time since last request: 0.000571 seconds.
  path: Assets/Prefabs/Pressure Plate.prefab
  artifactKey: Guid(4cb19103b4c88654ba11cd5d2483f425) Importer(815301076,1909f56bfc062723c751e8b465ee728b)
Start importing Assets/Prefabs/Pressure Plate.prefab using Guid(4cb19103b4c88654ba11cd5d2483f425) Importer(815301076,1909f56bfc062723c751e8b465ee728b)  -> (artifact id: '3e4fcc83902f2445b0b89173484e9ba6') in 0.047750 seconds
  Import took 0.051348 seconds .

========================================================================
Received Import Request.
  Time since last request: 0.033801 seconds.
  path: Assets/Prefabs/Spike.prefab
  artifactKey: Guid(2b49c1d35852d354b96b9d5de1863bb6) Importer(815301076,1909f56bfc062723c751e8b465ee728b)
Start importing Assets/Prefabs/Spike.prefab using Guid(2b49c1d35852d354b96b9d5de1863bb6) Importer(815301076,1909f56bfc062723c751e8b465ee728b)  -> (artifact id: '69d589657b51ad045f6923fdc37d2226') in 0.064569 seconds
  Import took 0.068115 seconds .

========================================================================
Received Import Request.
  Time since last request: 0.000491 seconds.
  path: Assets/Prefabs/MaterialCube_Mesh.prefab
  artifactKey: Guid(f45b393b8277f864ca29e13fc354eb4f) Importer(815301076,1909f56bfc062723c751e8b465ee728b)
Start importing Assets/Prefabs/MaterialCube_Mesh.prefab using Guid(f45b393b8277f864ca29e13fc354eb4f) Importer(815301076,1909f56bfc062723c751e8b465ee728b)  -> (artifact id: 'b369fbf469c63c5a0ec3b78af973bec2') in 0.202696 seconds
  Import took 0.206237 seconds .

========================================================================
Received Import Request.
  Time since last request: 250.233437 seconds.
  path: Assets/Scripts/PickUp.cs
  artifactKey: Guid(d373af8b540189f46854c73a0ecb6be9) Importer(815301076,1909f56bfc062723c751e8b465ee728b)
Start importing Assets/Scripts/PickUp.cs using Guid(d373af8b540189f46854c73a0ecb6be9) Importer(815301076,1909f56bfc062723c751e8b465ee728b)  -> (artifact id: '1b184788c80c024d4a55284d24f7454b') in 0.126912 seconds
  Import took 0.134198 seconds .

========================================================================
Received Import Request.
  Time since last request: 0.002270 seconds.
  path: Assets/Scripts/PickUp.cs
  artifactKey: Guid(d373af8b540189f46854c73a0ecb6be9) Importer(815301076,1909f56bfc062723c751e8b465ee728b)
Start importing Assets/Scripts/PickUp.cs using Guid(d373af8b540189f46854c73a0ecb6be9) Importer(815301076,1909f56bfc062723c751e8b465ee728b)  -> (artifact id: '1b184788c80c024d4a55284d24f7454b') in 0.007056 seconds
  Import took 0.013348 seconds .

========================================================================
Received Prepare
Registering precompiled user dll's ...
Registered in 0.003821 seconds.
Begin MonoManager ReloadAssembly
Native extension for WindowsStandalone target not found
Refreshing native plugins compatible for Editor in 0.46 ms, found 0 plugins.
Preloading 0 native plugins for Editor in 0.00 ms.
Invoked RoslynAnalysisRunner static constructor.
RoslynAnalysisRunner will not be running.
RoslynAnalysisRunner has terminated.
Mono: successfully reloaded assembly
- Completed reload, in  3.913 seconds
Platform modules already initialized, skipping
Refreshing native plugins compatible for Editor in 0.40 ms, found 0 plugins.
Preloading 0 native plugins for Editor in 0.00 ms.
Unloading 1194 Unused Serialized files (Serialized files now loaded: 0)
System memory in use before: 88.1 MB.
System memory in use after: 87.9 MB.

Unloading 6 unused Assets to reduce memory usage. Loaded Objects now: 1698.
Total: 60.710800 ms (FindLiveObjects: 0.688400 ms CreateObjectMapping: 0.236200 ms MarkObjects: 6.770200 ms  DeleteObjects: 53.012800 ms)

========================================================================
Received Import Request.
  Time since last request: 3862.722127 seconds.
  path: Assets/Scripts/DoorTrigger4.cs
  artifactKey: Guid(b1d15a273e8c9744d8f93bc1c01b9ed3) Importer(815301076,1909f56bfc062723c751e8b465ee728b)
Start importing Assets/Scripts/DoorTrigger4.cs using Guid(b1d15a273e8c9744d8f93bc1c01b9ed3) Importer(815301076,1909f56bfc062723c751e8b465ee728b)  -> (artifact id: '0762644ace5dcd7d527bf113c5f64ee5') in 0.129061 seconds
  Import took 0.133800 seconds .

========================================================================
Received Import Request.
  Time since last request: 5.845584 seconds.
  path: Assets/Scripts/DoorTrigger3.cs
  artifactKey: Guid(8eaefb8d84bfb7145a67f7b3a861cb21) Importer(815301076,1909f56bfc062723c751e8b465ee728b)
Start importing Assets/Scripts/DoorTrigger3.cs using Guid(8eaefb8d84bfb7145a67f7b3a861cb21) Importer(815301076,1909f56bfc062723c751e8b465ee728b)  -> (artifact id: 'b77c4d7e6f5722afaf0a24f1b6fcd6d1') in 0.326676 seconds
  Import took 0.332908 seconds .

========================================================================
Received Prepare
Registering precompiled user dll's ...
Registered in 0.001908 seconds.
Begin MonoManager ReloadAssembly
Native extension for WindowsStandalone target not found
Refreshing native plugins compatible for Editor in 0.53 ms, found 0 plugins.
Preloading 0 native plugins for Editor in 0.00 ms.
Invoked RoslynAnalysisRunner static constructor.
RoslynAnalysisRunner will not be running.
RoslynAnalysisRunner has terminated.
Mono: successfully reloaded assembly
- Completed reload, in  4.232 seconds
Platform modules already initialized, skipping
Refreshing native plugins compatible for Editor in 0.48 ms, found 0 plugins.
Preloading 0 native plugins for Editor in 0.00 ms.
Unloading 1195 Unused Serialized files (Serialized files now loaded: 0)
System memory in use before: 88.2 MB.
System memory in use after: 88.0 MB.

Unloading 5 unused Assets to reduce memory usage. Loaded Objects now: 1701.
Total: 12.971200 ms (FindLiveObjects: 0.946700 ms CreateObjectMapping: 0.154100 ms MarkObjects: 9.057500 ms  DeleteObjects: 2.803200 ms)

========================================================================
Received Import Request.
  Time since last request: 1220.907107 seconds.
  path: Assets/Scripts/DoorTrigger.cs
  artifactKey: Guid(e3e510526bb15db48a9c87841041cf03) Importer(815301076,1909f56bfc062723c751e8b465ee728b)
Start importing Assets/Scripts/DoorTrigger.cs using Guid(e3e510526bb15db48a9c87841041cf03) Importer(815301076,1909f56bfc062723c751e8b465ee728b)  -> (artifact id: '2468cc9ae5c0e5ecdfb7480a9146e6fb') in 0.631983 seconds
  Import took 0.757186 seconds .

========================================================================
Received Prepare
Registering precompiled user dll's ...
Registered in 0.002159 seconds.
Begin MonoManager ReloadAssembly
Native extension for WindowsStandalone target not found
Refreshing native plugins compatible for Editor in 0.52 ms, found 0 plugins.
Preloading 0 native plugins for Editor in 0.00 ms.
Invoked RoslynAnalysisRunner static constructor.
RoslynAnalysisRunner will not be running.
RoslynAnalysisRunner has terminated.
Mono: successfully reloaded assembly
- Completed reload, in  1.430 seconds
Platform modules already initialized, skipping
Refreshing native plugins compatible for Editor in 0.37 ms, found 0 plugins.
Preloading 0 native plugins for Editor in 0.00 ms.
Unloading 1195 Unused Serialized files (Serialized files now loaded: 0)
System memory in use before: 88.2 MB.
System memory in use after: 88.0 MB.

Unloading 5 unused Assets to reduce memory usage. Loaded Objects now: 1703.
Total: 5.814400 ms (FindLiveObjects: 0.488200 ms CreateObjectMapping: 0.138100 ms MarkObjects: 4.431200 ms  DeleteObjects: 0.755500 ms)

========================================================================
Received Prepare
Registering precompiled user dll's ...
Registered in 0.001966 seconds.
Begin MonoManager ReloadAssembly
Native extension for WindowsStandalone target not found
Refreshing native plugins compatible for Editor in 0.84 ms, found 0 plugins.
Preloading 0 native plugins for Editor in 0.00 ms.
Invoked RoslynAnalysisRunner static constructor.
RoslynAnalysisRunner will not be running.
RoslynAnalysisRunner has terminated.
Mono: successfully reloaded assembly
- Completed reload, in  1.780 seconds
Platform modules already initialized, skipping
Refreshing native plugins compatible for Editor in 0.46 ms, found 0 plugins.
Preloading 0 native plugins for Editor in 0.00 ms.
Unloading 1195 Unused Serialized files (Serialized files now loaded: 0)
System memory in use before: 88.2 MB.
System memory in use after: 88.0 MB.

Unloading 5 unused Assets to reduce memory usage. Loaded Objects now: 1705.
Total: 7.535800 ms (FindLiveObjects: 0.670300 ms CreateObjectMapping: 0.131200 ms MarkObjects: 5.376000 ms  DeleteObjects: 1.355400 ms)

========================================================================
Received Import Request.
  Time since last request: 205.888940 seconds.
  path: Assets/Scripts/DoorTrigger4.cs
  artifactKey: Guid(b1d15a273e8c9744d8f93bc1c01b9ed3) Importer(815301076,1909f56bfc062723c751e8b465ee728b)
Start importing Assets/Scripts/DoorTrigger4.cs using Guid(b1d15a273e8c9744d8f93bc1c01b9ed3) Importer(815301076,1909f56bfc062723c751e8b465ee728b)  -> (artifact id: '76e597d73e15ed37799603f6da4a8c77') in 0.058386 seconds
  Import took 0.063334 seconds .

========================================================================
Received Import Request.
  Time since last request: 232.026410 seconds.
  path: Assets/Scripts/PlayerController.cs
  artifactKey: Guid(eaaf2f1915d5c974d983cadd9c2620c7) Importer(815301076,1909f56bfc062723c751e8b465ee728b)
Start importing Assets/Scripts/PlayerController.cs using Guid(eaaf2f1915d5c974d983cadd9c2620c7) Importer(815301076,1909f56bfc062723c751e8b465ee728b)  -> (artifact id: '2fb5e56dd22412ef0c097b83aa9e65d4') in 0.023294 seconds
  Import took 0.060722 seconds .

========================================================================
Received Import Request.
  Time since last request: 0.014672 seconds.
  path: Assets/Scripts/PlayerController.cs
  artifactKey: Guid(eaaf2f1915d5c974d983cadd9c2620c7) Importer(815301076,1909f56bfc062723c751e8b465ee728b)
Start importing Assets/Scripts/PlayerController.cs using Guid(eaaf2f1915d5c974d983cadd9c2620c7) Importer(815301076,1909f56bfc062723c751e8b465ee728b)  -> (artifact id: '2fb5e56dd22412ef0c097b83aa9e65d4') in 0.010325 seconds
  Import took 0.017412 seconds .

========================================================================
Received Import Request.
  Time since last request: 21.572038 seconds.
  path: Assets/Scripts/ChangeMatBehaviour.cs
  artifactKey: Guid(afc8d7eeee2ed054982edb1300d41577) Importer(815301076,1909f56bfc062723c751e8b465ee728b)
Start importing Assets/Scripts/ChangeMatBehaviour.cs using Guid(afc8d7eeee2ed054982edb1300d41577) Importer(815301076,1909f56bfc062723c751e8b465ee728b)  -> (artifact id: 'e87047d8b8d92f167af104a40c1826f9') in 0.026248 seconds
  Import took 0.031684 seconds .

========================================================================
Received Prepare
Registering precompiled user dll's ...
Registered in 0.000987 seconds.
Begin MonoManager ReloadAssembly
Native extension for WindowsStandalone target not found
Refreshing native plugins compatible for Editor in 0.58 ms, found 0 plugins.
Preloading 0 native plugins for Editor in 0.00 ms.
Invoked RoslynAnalysisRunner static constructor.
RoslynAnalysisRunner will not be running.
RoslynAnalysisRunner has terminated.
Mono: successfully reloaded assembly
- Completed reload, in  2.060 seconds
Platform modules already initialized, skipping
Refreshing native plugins compatible for Editor in 0.35 ms, found 0 plugins.
Preloading 0 native plugins for Editor in 0.00 ms.
Unloading 1195 Unused Serialized files (Serialized files now loaded: 0)
System memory in use before: 88.2 MB.
System memory in use after: 88.0 MB.

Unloading 5 unused Assets to reduce memory usage. Loaded Objects now: 1707.
Total: 3.314900 ms (FindLiveObjects: 0.266400 ms CreateObjectMapping: 0.069000 ms MarkObjects: 2.422200 ms  DeleteObjects: 0.555700 ms)

========================================================================
Received Prepare
Registering precompiled user dll's ...
Registered in 0.001224 seconds.
Begin MonoManager ReloadAssembly
Native extension for WindowsStandalone target not found
Refreshing native plugins compatible for Editor in 0.53 ms, found 0 plugins.
Preloading 0 native plugins for Editor in 0.00 ms.
Invoked RoslynAnalysisRunner static constructor.
RoslynAnalysisRunner will not be running.
RoslynAnalysisRunner has terminated.
Mono: successfully reloaded assembly
- Completed reload, in  1.879 seconds
Platform modules already initialized, skipping
Refreshing native plugins compatible for Editor in 0.38 ms, found 0 plugins.
Preloading 0 native plugins for Editor in 0.00 ms.
Unloading 1195 Unused Serialized files (Serialized files now loaded: 0)
System memory in use before: 88.2 MB.
System memory in use after: 88.0 MB.

Unloading 5 unused Assets to reduce memory usage. Loaded Objects now: 1709.
Total: 4.477900 ms (FindLiveObjects: 0.739600 ms CreateObjectMapping: 0.085800 ms MarkObjects: 2.996300 ms  DeleteObjects: 0.653500 ms)

========================================================================
Received Prepare
Registering precompiled user dll's ...
Registered in 0.001136 seconds.
Begin MonoManager ReloadAssembly
Native extension for WindowsStandalone target not found
Refreshing native plugins compatible for Editor in 0.32 ms, found 0 plugins.
Preloading 0 native plugins for Editor in 0.00 ms.
Invoked RoslynAnalysisRunner static constructor.
RoslynAnalysisRunner will not be running.
RoslynAnalysisRunner has terminated.
Mono: successfully reloaded assembly
- Completed reload, in  1.293 seconds
Platform modules already initialized, skipping
Refreshing native plugins compatible for Editor in 0.55 ms, found 0 plugins.
Preloading 0 native plugins for Editor in 0.00 ms.
Unloading 1195 Unused Serialized files (Serialized files now loaded: 0)
System memory in use before: 88.2 MB.
System memory in use after: 88.0 MB.

Unloading 5 unused Assets to reduce memory usage. Loaded Objects now: 1711.
Total: 2.878400 ms (FindLiveObjects: 0.301200 ms CreateObjectMapping: 0.086700 ms MarkObjects: 1.782400 ms  DeleteObjects: 0.706300 ms)

========================================================================
Received Prepare
Registering precompiled user dll's ...
Registered in 0.001069 seconds.
Begin MonoManager ReloadAssembly
Native extension for WindowsStandalone target not found
Refreshing native plugins compatible for Editor in 0.52 ms, found 0 plugins.
Preloading 0 native plugins for Editor in 0.00 ms.
Invoked RoslynAnalysisRunner static constructor.
RoslynAnalysisRunner will not be running.
RoslynAnalysisRunner has terminated.
Mono: successfully reloaded assembly
- Completed reload, in  1.704 seconds
Platform modules already initialized, skipping
Refreshing native plugins compatible for Editor in 0.56 ms, found 0 plugins.
Preloading 0 native plugins for Editor in 0.00 ms.
Unloading 1195 Unused Serialized files (Serialized files now loaded: 0)
System memory in use before: 88.2 MB.
System memory in use after: 88.0 MB.

Unloading 5 unused Assets to reduce memory usage. Loaded Objects now: 1713.
Total: 4.220600 ms (FindLiveObjects: 0.323400 ms CreateObjectMapping: 0.259500 ms MarkObjects: 3.052600 ms  DeleteObjects: 0.583100 ms)

AssetImportWorkerClient::OnTransportError - code=2 error=End of file
