Using pre-set license
Built from '2020.2/release' branch; Version is '2020.2.1f1 (270dd8c3da1c) revision 2559448'; Using compiler version '192528614'; Build Type 'Release'
OS: 'Windows 10  (10.0.0) 64bit' Language: 'en' Physical Memory: 3946 MB
BatchMode: 1, IsHumanControllingUs: 0, StartBugReporterOnCrash: 0, Is64bit: 1, IsPro: 0

 COMMAND LINE ARGUMENTS:
C:\Program Files\Unity\Hub\Editor\2020.2.1f1\Editor\Unity.exe
-adb2
-batchMode
-noUpm
-name
AssetImportWorker2
-projectPath
C:/Users/User/Desktop/GAM300Prototype/gam300_prototype/GAM300_LEVEL
-logFile
Logs/AssetImportWorker2.log
-srvPort
65361
Successfully changed project path to: C:/Users/User/Desktop/GAM300Prototype/gam300_prototype/GAM300_LEVEL
C:/Users/User/Desktop/GAM300Prototype/gam300_prototype/GAM300_LEVEL
Using Asset Import Pipeline V2.
Refreshing native plugins compatible for Editor in 37.74 ms, found 0 plugins.
Preloading 0 native plugins for Editor in 0.00 ms.
Initialize engine version: 2020.2.1f1 (270dd8c3da1c)
[Subsystems] Discovering subsystems at path C:/Program Files/Unity/Hub/Editor/2020.2.1f1/Editor/Data/Resources/UnitySubsystems
[Subsystems] Discovering subsystems at path C:/Users/User/Desktop/GAM300Prototype/gam300_prototype/GAM300_LEVEL/Assets
GfxDevice: creating device client; threaded=0
Direct3D:
    Version:  Direct3D 11.0 [level 11.0]
    Renderer: NVIDIA GeForce MX130 (ID=0x174d)
    Vendor:   
    VRAM:     2010 MB
    Driver:   24.21.13.9872
Initialize mono
Mono path[0] = 'C:/Program Files/Unity/Hub/Editor/2020.2.1f1/Editor/Data/Managed'
Mono path[1] = 'C:/Program Files/Unity/Hub/Editor/2020.2.1f1/Editor/Data/MonoBleedingEdge/lib/mono/unityjit'
Mono config path = 'C:/Program Files/Unity/Hub/Editor/2020.2.1f1/Editor/Data/MonoBleedingEdge/etc'
Using monoOptions --debugger-agent=transport=dt_socket,embedding=1,server=y,suspend=n,address=127.0.0.1:56380
Begin MonoManager ReloadAssembly
Registering precompiled unity dll's ...
Register platform support module: C:/Program Files/Unity/Hub/Editor/2020.2.1f1/Editor/Data/PlaybackEngines/WindowsStandaloneSupport/UnityEditor.WindowsStandalone.Extensions.dll
Registered in 0.003986 seconds.
Native extension for WindowsStandalone target not found
Refreshing native plugins compatible for Editor in 40.37 ms, found 0 plugins.
Preloading 0 native plugins for Editor in 0.00 ms.
Unable to find bridge dll in registry for Microsoft Visual Studio Tools for Unity for C:\Program Files (x86)\Microsoft Visual Studio\2019\Community\Common7\IDE\devenv.exe
Invoked RoslynAnalysisRunner static constructor.
RoslynAnalysisRunner will not be running.
RoslynAnalysisRunner has terminated.
Mono: successfully reloaded assembly
- Completed reload, in  2.758 seconds
Platform modules already initialized, skipping
Registering precompiled user dll's ...
Registered in 0.001156 seconds.
Begin MonoManager ReloadAssembly
Native extension for WindowsStandalone target not found
Refreshing native plugins compatible for Editor in 0.60 ms, found 0 plugins.
Preloading 0 native plugins for Editor in 0.00 ms.
Invoked RoslynAnalysisRunner static constructor.
RoslynAnalysisRunner will not be running.
RoslynAnalysisRunner has terminated.
Mono: successfully reloaded assembly
- Completed reload, in  1.498 seconds
Platform modules already initialized, skipping
========================================================================
Worker process is ready to serve import requests
Launched and connected shader compiler UnityShaderCompiler.exe after 0.17 seconds
Refreshing native plugins compatible for Editor in 0.36 ms, found 0 plugins.
Preloading 0 native plugins for Editor in 0.00 ms.
Unloading 1077 Unused Serialized files (Serialized files now loaded: 0)
System memory in use before: 56.0 MB.
System memory in use after: 56.1 MB.

Unloading 9 unused Assets to reduce memory usage. Loaded Objects now: 1520.
Total: 3.193300 ms (FindLiveObjects: 0.332900 ms CreateObjectMapping: 0.090400 ms MarkObjects: 2.699000 ms  DeleteObjects: 0.069000 ms)

========================================================================
Received Import Request.
  path: Assets/Materials/WHITE.mat
  artifactKey: Guid(756f432d692dade40b8b0b8a246cffc0) Importer(815301076,1909f56bfc062723c751e8b465ee728b)
Start importing Assets/Materials/WHITE.mat using Guid(756f432d692dade40b8b0b8a246cffc0) Importer(815301076,1909f56bfc062723c751e8b465ee728b)  -> (artifact id: '6f37fa887fb691ce348d940a02db3788') in 0.882362 seconds
  Import took 0.885900 seconds .

========================================================================
Received Prepare
Refreshing native plugins compatible for Editor in 2.24 ms, found 0 plugins.
Preloading 0 native plugins for Editor in 0.00 ms.
Unloading 3 Unused Serialized files (Serialized files now loaded: 0)
System memory in use before: 38.3 MB.
System memory in use after: 38.4 MB.

Unloading 2 unused Assets to reduce memory usage. Loaded Objects now: 1560.
Total: 2.972500 ms (FindLiveObjects: 0.177400 ms CreateObjectMapping: 0.084600 ms MarkObjects: 2.694700 ms  DeleteObjects: 0.014200 ms)

========================================================================
Received Import Request.
  Time since last request: 366.222977 seconds.
  path: Assets/Materials/PURPLE.mat
  artifactKey: Guid(e987f5d00a7fd2a4a99f04cf84460f0a) Importer(815301076,1909f56bfc062723c751e8b465ee728b)
Start importing Assets/Materials/PURPLE.mat using Guid(e987f5d00a7fd2a4a99f04cf84460f0a) Importer(815301076,1909f56bfc062723c751e8b465ee728b)  -> (artifact id: 'd6b3f8431edb81a997b9890f54c2e4f9') in 0.029788 seconds
  Import took 0.036800 seconds .

========================================================================
Received Import Request.
  Time since last request: 17.396411 seconds.
  path: Assets/Materials/PURPLE.mat
  artifactKey: Guid(e987f5d00a7fd2a4a99f04cf84460f0a) Importer(815301076,1909f56bfc062723c751e8b465ee728b)
Start importing Assets/Materials/PURPLE.mat using Guid(e987f5d00a7fd2a4a99f04cf84460f0a) Importer(815301076,1909f56bfc062723c751e8b465ee728b)  -> (artifact id: 'e03fc4418cad67c7141f531ef297ee32') in 0.030194 seconds
  Import took 0.033308 seconds .

AssetImportWorkerClient::OnTransportError - code=2 error=End of file
